2025-07-10 19:32:44,149 - __main__ - INFO - Iniciando Sistema de Matrículas Universitarias
2025-07-11 17:55:14,141 - __main__ - INFO - Iniciando Sistema de Matrículas Universitarias
2025-07-11 17:55:26,164 - config.database - INFO - Base de datos y tablas creadas exitosamente
2025-07-11 17:55:28,361 - config.database - INFO - Base de datos y tablas creadas exitosamente
2025-07-11 17:55:28,410 - config.database - INFO - Conexión exitosa a MySQL
2025-07-11 17:55:28,714 - dao.base_dao - INFO - Consulta ejecutada exitosamente: 0 registros
2025-07-11 17:55:29,092 - config.database - INFO - Conexión exitosa a MySQL
2025-07-11 17:55:29,185 - dao.base_dao - INFO - Consulta ejecutada exitosamente: 0 registros
2025-07-11 17:55:29,762 - config.database - INFO - Conexión exitosa a MySQL
2025-07-11 17:55:30,088 - dao.base_dao - INFO - Consulta ejecutada exitosamente: 0 registros
2025-07-11 17:56:24,047 - config.database - INFO - Conexión exitosa a MySQL
2025-07-11 17:56:24,050 - dao.base_dao - INFO - Consulta ejecutada exitosamente: 1 registros
2025-07-11 17:56:24,059 - config.database - INFO - Conexión exitosa a MySQL
2025-07-11 17:56:24,367 - dao.base_dao - INFO - Registro insertado con ID: 2
2025-07-11 17:56:24,374 - config.database - INFO - Conexión exitosa a MySQL
2025-07-11 17:56:24,725 - dao.base_dao - INFO - Consulta ejecutada exitosamente: 1 registros
2025-07-11 17:56:43,401 - config.database - INFO - Conexión exitosa a MySQL
2025-07-11 17:56:43,404 - dao.base_dao - INFO - Operación ejecutada exitosamente: 0 filas afectadas
2025-07-11 17:56:53,258 - config.database - INFO - Conexión exitosa a MySQL
2025-07-11 17:56:53,337 - dao.base_dao - INFO - Operación ejecutada exitosamente: 1 filas afectadas
2025-07-11 17:56:53,499 - config.database - INFO - Conexión exitosa a MySQL
2025-07-11 17:56:53,502 - dao.base_dao - INFO - Consulta ejecutada exitosamente: 1 registros
2025-07-11 17:56:57,661 - config.database - INFO - Conexión exitosa a MySQL
2025-07-11 17:56:57,664 - dao.base_dao - INFO - Consulta ejecutada exitosamente: 1 registros
2025-07-11 17:57:59,057 - config.database - INFO - Conexión exitosa a MySQL
2025-07-11 17:57:59,059 - dao.base_dao - INFO - Consulta ejecutada exitosamente: 1 registros
2025-07-11 17:57:59,068 - config.database - INFO - Conexión exitosa a MySQL
2025-07-11 17:57:59,423 - dao.base_dao - INFO - Registro insertado con ID: 1
2025-07-11 17:57:59,429 - config.database - INFO - Conexión exitosa a MySQL
2025-07-11 17:57:59,433 - dao.base_dao - INFO - Consulta ejecutada exitosamente: 1 registros
2025-07-11 17:57:59,445 - config.database - INFO - Conexión exitosa a MySQL
2025-07-11 17:57:59,464 - dao.base_dao - INFO - Consulta ejecutada exitosamente: 1 registros
2025-07-11 17:58:28,123 - config.database - INFO - Conexión exitosa a MySQL
2025-07-11 17:58:28,200 - dao.base_dao - INFO - Operación ejecutada exitosamente: 1 filas afectadas
2025-07-11 17:58:28,310 - config.database - INFO - Conexión exitosa a MySQL
2025-07-11 17:58:28,340 - dao.base_dao - INFO - Consulta ejecutada exitosamente: 1 registros
2025-07-11 17:58:28,348 - config.database - INFO - Conexión exitosa a MySQL
2025-07-11 17:58:28,352 - dao.base_dao - INFO - Consulta ejecutada exitosamente: 1 registros
2025-07-11 17:58:32,771 - config.database - INFO - Conexión exitosa a MySQL
2025-07-11 17:58:32,773 - dao.base_dao - INFO - Consulta ejecutada exitosamente: 1 registros
2025-07-11 17:58:32,779 - config.database - INFO - Conexión exitosa a MySQL
2025-07-11 17:58:32,899 - dao.base_dao - INFO - Consulta ejecutada exitosamente: 1 registros
2025-07-11 17:58:33,027 - config.database - INFO - Conexión exitosa a MySQL
2025-07-11 17:58:33,031 - dao.base_dao - INFO - Consulta ejecutada exitosamente: 1 registros
2025-07-11 17:58:34,973 - config.database - INFO - Conexión exitosa a MySQL
2025-07-11 17:58:34,975 - dao.base_dao - INFO - Consulta ejecutada exitosamente: 1 registros
2025-07-11 17:58:37,847 - config.database - INFO - Conexión exitosa a MySQL
2025-07-11 17:58:37,849 - dao.base_dao - INFO - Consulta ejecutada exitosamente: 1 registros
2025-07-11 17:58:37,855 - config.database - INFO - Conexión exitosa a MySQL
2025-07-11 17:58:37,857 - dao.base_dao - INFO - Consulta ejecutada exitosamente: 1 registros
2025-07-11 17:58:37,863 - config.database - INFO - Conexión exitosa a MySQL
2025-07-11 17:58:37,866 - dao.base_dao - INFO - Consulta ejecutada exitosamente: 1 registros
2025-07-11 17:58:49,893 - config.database - INFO - Conexión exitosa a MySQL
2025-07-11 17:58:49,898 - dao.base_dao - INFO - Consulta ejecutada exitosamente: 1 registros
2025-07-11 17:58:49,903 - config.database - INFO - Conexión exitosa a MySQL
2025-07-11 17:58:49,905 - dao.base_dao - INFO - Consulta ejecutada exitosamente: 1 registros
2025-07-11 17:58:49,910 - config.database - INFO - Conexión exitosa a MySQL
2025-07-11 17:58:49,913 - dao.base_dao - INFO - Consulta ejecutada exitosamente: 1 registros
2025-07-11 18:00:11,942 - config.database - INFO - Conexión exitosa a MySQL
2025-07-11 18:00:11,945 - dao.base_dao - INFO - Consulta ejecutada exitosamente: 1 registros
2025-07-11 18:00:11,950 - config.database - INFO - Conexión exitosa a MySQL
2025-07-11 18:00:11,952 - dao.base_dao - INFO - Consulta ejecutada exitosamente: 1 registros
2025-07-11 18:00:11,957 - config.database - INFO - Conexión exitosa a MySQL
2025-07-11 18:00:11,960 - dao.base_dao - INFO - Consulta ejecutada exitosamente: 1 registros
2025-07-11 18:00:13,655 - config.database - INFO - Conexión exitosa a MySQL
2025-07-11 18:00:13,657 - dao.base_dao - INFO - Consulta ejecutada exitosamente: 1 registros
2025-07-11 18:00:13,665 - config.database - INFO - Conexión exitosa a MySQL
2025-07-11 18:00:13,668 - dao.base_dao - INFO - Consulta ejecutada exitosamente: 1 registros
2025-07-11 18:00:13,672 - config.database - INFO - Conexión exitosa a MySQL
2025-07-11 18:00:13,675 - dao.base_dao - INFO - Consulta ejecutada exitosamente: 1 registros
2025-07-11 18:00:13,682 - config.database - INFO - Conexión exitosa a MySQL
2025-07-11 18:00:13,685 - dao.base_dao - INFO - Consulta ejecutada exitosamente: 1 registros
2025-07-11 18:00:13,703 - config.database - INFO - Conexión exitosa a MySQL
2025-07-11 18:00:13,707 - dao.base_dao - INFO - Consulta ejecutada exitosamente: 1 registros
2025-07-11 18:00:13,716 - config.database - INFO - Conexión exitosa a MySQL
2025-07-11 18:00:13,739 - dao.base_dao - INFO - Consulta ejecutada exitosamente: 1 registros
2025-07-11 18:00:13,753 - config.database - INFO - Conexión exitosa a MySQL
2025-07-11 18:00:13,773 - dao.base_dao - INFO - Consulta ejecutada exitosamente: 1 registros
2025-07-11 18:00:13,786 - config.database - INFO - Conexión exitosa a MySQL
2025-07-11 18:00:13,876 - dao.base_dao - INFO - Registro insertado con ID: 1
2025-07-11 18:00:13,898 - services.matricula_service - INFO - Matrícula creada exitosamente: ID 1
2025-07-11 18:00:13,906 - config.database - INFO - Conexión exitosa a MySQL
2025-07-11 18:00:13,911 - dao.base_dao - INFO - Consulta ejecutada exitosamente: 1 registros
2025-07-11 18:00:13,918 - config.database - INFO - Conexión exitosa a MySQL
2025-07-11 18:00:13,921 - dao.base_dao - INFO - Consulta ejecutada exitosamente: 1 registros
2025-07-11 18:00:13,931 - config.database - INFO - Conexión exitosa a MySQL
2025-07-11 18:00:13,937 - dao.base_dao - INFO - Consulta ejecutada exitosamente: 1 registros
2025-07-11 18:00:13,947 - config.database - INFO - Conexión exitosa a MySQL
2025-07-11 18:00:13,951 - dao.base_dao - INFO - Consulta ejecutada exitosamente: 1 registros
2025-07-11 18:00:14,184 - config.database - INFO - Conexión exitosa a MySQL
2025-07-11 18:00:14,190 - dao.base_dao - INFO - Consulta ejecutada exitosamente: 1 registros
2025-07-11 18:00:14,198 - config.database - INFO - Conexión exitosa a MySQL
2025-07-11 18:00:14,202 - dao.base_dao - INFO - Consulta ejecutada exitosamente: 1 registros
2025-07-11 18:00:38,894 - config.database - INFO - Conexión exitosa a MySQL
2025-07-11 18:00:38,897 - dao.base_dao - INFO - Consulta ejecutada exitosamente: 1 registros
2025-07-11 18:00:38,902 - config.database - INFO - Conexión exitosa a MySQL
2025-07-11 18:00:38,905 - dao.base_dao - INFO - Consulta ejecutada exitosamente: 1 registros
2025-07-11 18:00:49,285 - config.database - INFO - Conexión exitosa a MySQL
2025-07-11 18:00:49,288 - dao.base_dao - INFO - Consulta ejecutada exitosamente: 1 registros
2025-07-11 18:00:49,292 - config.database - INFO - Conexión exitosa a MySQL
2025-07-11 18:00:49,294 - dao.base_dao - INFO - Consulta ejecutada exitosamente: 1 registros
2025-07-11 18:00:49,299 - config.database - INFO - Conexión exitosa a MySQL
2025-07-11 18:00:49,301 - dao.base_dao - INFO - Consulta ejecutada exitosamente: 1 registros
2025-07-11 18:00:49,306 - config.database - INFO - Conexión exitosa a MySQL
2025-07-11 18:00:49,309 - dao.base_dao - INFO - Consulta ejecutada exitosamente: 1 registros
2025-07-11 18:00:49,314 - config.database - INFO - Conexión exitosa a MySQL
2025-07-11 18:00:49,378 - dao.base_dao - INFO - Consulta ejecutada exitosamente: 1 registros
2025-07-11 18:00:49,521 - config.database - INFO - Conexión exitosa a MySQL
2025-07-11 18:00:49,525 - dao.base_dao - INFO - Consulta ejecutada exitosamente: 1 registros
2025-07-11 18:01:01,288 - __main__ - INFO - Sistema de Matrículas finalizado correctamente
2025-07-11 18:01:04,032 - __main__ - INFO - Iniciando Sistema de Matrículas Universitarias
2025-07-11 18:14:15,470 - __main__ - INFO - Iniciando Sistema de Matrículas Universitarias
2025-07-11 18:14:25,265 - config.database - INFO - Base de datos y tablas creadas exitosamente
2025-07-11 18:14:25,857 - config.database - INFO - Base de datos y tablas creadas exitosamente
2025-07-11 18:14:26,026 - config.database - INFO - Conexión exitosa a MySQL
2025-07-11 18:14:26,243 - dao.base_dao - INFO - Consulta ejecutada exitosamente: 1 registros
2025-07-11 18:14:26,483 - config.database - INFO - Conexión exitosa a MySQL
2025-07-11 18:14:26,495 - dao.base_dao - INFO - Consulta ejecutada exitosamente: 1 registros
2025-07-11 18:14:26,505 - config.database - INFO - Conexión exitosa a MySQL
2025-07-11 18:14:26,509 - dao.base_dao - INFO - Consulta ejecutada exitosamente: 1 registros
2025-07-11 18:14:26,841 - config.database - INFO - Conexión exitosa a MySQL
2025-07-11 18:14:26,844 - dao.base_dao - INFO - Consulta ejecutada exitosamente: 1 registros
2025-07-11 18:14:27,017 - config.database - INFO - Conexión exitosa a MySQL
2025-07-11 18:14:27,024 - dao.base_dao - INFO - Consulta ejecutada exitosamente: 1 registros
2025-07-11 18:14:27,029 - config.database - INFO - Conexión exitosa a MySQL
2025-07-11 18:14:27,032 - dao.base_dao - INFO - Consulta ejecutada exitosamente: 1 registros
2025-07-11 18:14:27,037 - config.database - INFO - Conexión exitosa a MySQL
2025-07-11 18:14:27,041 - dao.base_dao - INFO - Consulta ejecutada exitosamente: 1 registros
2025-07-11 18:14:43,286 - config.database - INFO - Conexión exitosa a MySQL
2025-07-11 18:14:43,288 - dao.base_dao - INFO - Consulta ejecutada exitosamente: 1 registros
2025-07-11 18:14:43,294 - config.database - INFO - Conexión exitosa a MySQL
2025-07-11 18:14:43,297 - dao.base_dao - INFO - Consulta ejecutada exitosamente: 1 registros
2025-07-11 18:14:43,306 - config.database - INFO - Conexión exitosa a MySQL
2025-07-11 18:14:43,311 - dao.base_dao - INFO - Consulta ejecutada exitosamente: 1 registros
2025-07-11 18:14:43,319 - config.database - INFO - Conexión exitosa a MySQL
2025-07-11 18:14:43,323 - dao.base_dao - INFO - Consulta ejecutada exitosamente: 1 registros
2025-07-11 18:15:35,707 - config.database - INFO - Conexión exitosa a MySQL
2025-07-11 18:15:35,715 - dao.base_dao - INFO - Consulta ejecutada exitosamente: 1 registros
2025-07-11 18:15:41,155 - gui.main_window - ERROR - Error creando estudiante: El código debe tener al menos 5 caracteres
2025-07-11 18:16:07,902 - config.database - INFO - Conexión exitosa a MySQL
2025-07-11 18:16:07,905 - dao.base_dao - INFO - Consulta ejecutada exitosamente: 1 registros
2025-07-11 18:16:07,911 - config.database - INFO - Conexión exitosa a MySQL
2025-07-11 18:16:08,271 - dao.base_dao - INFO - Registro insertado con ID: 3
2025-07-11 18:16:08,525 - config.database - INFO - Conexión exitosa a MySQL
2025-07-11 18:16:08,664 - dao.base_dao - INFO - Consulta ejecutada exitosamente: 2 registros
2025-07-11 18:16:36,716 - config.database - INFO - Conexión exitosa a MySQL
2025-07-11 18:16:36,844 - dao.base_dao - INFO - Operación ejecutada exitosamente: 1 filas afectadas
2025-07-11 18:16:36,928 - config.database - INFO - Conexión exitosa a MySQL
2025-07-11 18:16:37,085 - dao.base_dao - INFO - Consulta ejecutada exitosamente: 2 registros
2025-07-11 18:17:55,341 - config.database - INFO - Conexión exitosa a MySQL
2025-07-11 18:17:55,346 - dao.base_dao - INFO - Consulta ejecutada exitosamente: 1 registros
2025-07-11 18:17:55,354 - config.database - INFO - Conexión exitosa a MySQL
2025-07-11 18:17:56,224 - dao.base_dao - INFO - Registro insertado con ID: 2
2025-07-11 18:17:56,229 - config.database - INFO - Conexión exitosa a MySQL
2025-07-11 18:17:56,231 - dao.base_dao - INFO - Consulta ejecutada exitosamente: 2 registros
2025-07-11 18:17:56,236 - config.database - INFO - Conexión exitosa a MySQL
2025-07-11 18:17:56,238 - dao.base_dao - INFO - Consulta ejecutada exitosamente: 1 registros
2025-07-11 18:17:56,245 - config.database - INFO - Conexión exitosa a MySQL
2025-07-11 18:17:56,249 - dao.base_dao - INFO - Consulta ejecutada exitosamente: 1 registros
2025-07-11 18:18:35,168 - config.database - INFO - Conexión exitosa a MySQL
2025-07-11 18:18:35,171 - dao.base_dao - INFO - Consulta ejecutada exitosamente: 2 registros
2025-07-11 18:18:35,176 - config.database - INFO - Conexión exitosa a MySQL
2025-07-11 18:18:35,179 - dao.base_dao - INFO - Consulta ejecutada exitosamente: 2 registros
2025-07-11 18:18:35,184 - config.database - INFO - Conexión exitosa a MySQL
2025-07-11 18:18:35,187 - dao.base_dao - INFO - Consulta ejecutada exitosamente: 1 registros
2025-07-11 18:18:35,191 - config.database - INFO - Conexión exitosa a MySQL
2025-07-11 18:18:35,194 - dao.base_dao - INFO - Consulta ejecutada exitosamente: 1 registros
2025-07-11 18:18:38,215 - config.database - INFO - Conexión exitosa a MySQL
2025-07-11 18:18:38,217 - dao.base_dao - INFO - Consulta ejecutada exitosamente: 1 registros
2025-07-11 18:18:42,623 - config.database - INFO - Conexión exitosa a MySQL
2025-07-11 18:18:42,625 - dao.base_dao - INFO - Consulta ejecutada exitosamente: 1 registros
2025-07-11 18:18:42,630 - config.database - INFO - Conexión exitosa a MySQL
2025-07-11 18:18:42,633 - dao.base_dao - INFO - Consulta ejecutada exitosamente: 1 registros
2025-07-11 18:18:42,639 - config.database - INFO - Conexión exitosa a MySQL
2025-07-11 18:18:42,642 - dao.base_dao - INFO - Consulta ejecutada exitosamente: 1 registros
2025-07-11 18:18:47,966 - config.database - INFO - Conexión exitosa a MySQL
2025-07-11 18:18:47,968 - dao.base_dao - INFO - Consulta ejecutada exitosamente: 1 registros
2025-07-11 18:18:47,973 - config.database - INFO - Conexión exitosa a MySQL
2025-07-11 18:18:47,975 - dao.base_dao - INFO - Consulta ejecutada exitosamente: 1 registros
2025-07-11 18:18:47,980 - config.database - INFO - Conexión exitosa a MySQL
2025-07-11 18:18:47,982 - dao.base_dao - INFO - Consulta ejecutada exitosamente: 1 registros
2025-07-11 18:18:51,540 - config.database - INFO - Conexión exitosa a MySQL
2025-07-11 18:18:51,543 - dao.base_dao - INFO - Consulta ejecutada exitosamente: 1 registros
2025-07-11 18:18:51,549 - config.database - INFO - Conexión exitosa a MySQL
2025-07-11 18:18:51,552 - dao.base_dao - INFO - Consulta ejecutada exitosamente: 1 registros
2025-07-11 18:18:51,557 - config.database - INFO - Conexión exitosa a MySQL
2025-07-11 18:18:51,560 - dao.base_dao - INFO - Consulta ejecutada exitosamente: 1 registros
2025-07-11 18:18:51,565 - config.database - INFO - Conexión exitosa a MySQL
2025-07-11 18:18:51,568 - dao.base_dao - INFO - Consulta ejecutada exitosamente: 1 registros
2025-07-11 18:18:52,291 - config.database - INFO - Conexión exitosa a MySQL
2025-07-11 18:18:52,361 - dao.base_dao - INFO - Consulta ejecutada exitosamente: 1 registros
2025-07-11 18:18:52,370 - config.database - INFO - Conexión exitosa a MySQL
2025-07-11 18:18:52,380 - dao.base_dao - INFO - Consulta ejecutada exitosamente: 1 registros
2025-07-11 18:18:52,385 - config.database - INFO - Conexión exitosa a MySQL
2025-07-11 18:18:52,390 - dao.base_dao - INFO - Consulta ejecutada exitosamente: 1 registros
2025-07-11 18:18:52,398 - config.database - INFO - Conexión exitosa a MySQL
2025-07-11 18:18:52,476 - dao.base_dao - INFO - Registro insertado con ID: 2
2025-07-11 18:18:52,525 - services.matricula_service - INFO - Matrícula creada exitosamente: ID 2
2025-07-11 18:18:52,785 - config.database - INFO - Conexión exitosa a MySQL
2025-07-11 18:18:52,791 - dao.base_dao - INFO - Consulta ejecutada exitosamente: 2 registros
2025-07-11 18:18:52,802 - config.database - INFO - Conexión exitosa a MySQL
2025-07-11 18:18:52,808 - dao.base_dao - INFO - Consulta ejecutada exitosamente: 1 registros
2025-07-11 18:18:52,814 - config.database - INFO - Conexión exitosa a MySQL
2025-07-11 18:18:52,936 - dao.base_dao - INFO - Consulta ejecutada exitosamente: 1 registros
2025-07-11 18:18:53,201 - config.database - INFO - Conexión exitosa a MySQL
2025-07-11 18:18:53,207 - dao.base_dao - INFO - Consulta ejecutada exitosamente: 1 registros
2025-07-11 18:18:53,216 - config.database - INFO - Conexión exitosa a MySQL
2025-07-11 18:18:53,218 - dao.base_dao - INFO - Consulta ejecutada exitosamente: 1 registros
2025-07-11 18:18:53,223 - config.database - INFO - Conexión exitosa a MySQL
2025-07-11 18:18:53,230 - dao.base_dao - INFO - Consulta ejecutada exitosamente: 1 registros
2025-07-11 18:18:53,235 - config.database - INFO - Conexión exitosa a MySQL
2025-07-11 18:18:53,272 - dao.base_dao - INFO - Consulta ejecutada exitosamente: 1 registros
2025-07-11 18:18:53,323 - config.database - INFO - Conexión exitosa a MySQL
2025-07-11 18:18:53,335 - dao.base_dao - INFO - Consulta ejecutada exitosamente: 2 registros
2025-07-11 18:18:53,350 - config.database - INFO - Conexión exitosa a MySQL
2025-07-11 18:18:53,357 - dao.base_dao - INFO - Consulta ejecutada exitosamente: 1 registros
2025-07-11 18:18:53,452 - config.database - INFO - Conexión exitosa a MySQL
2025-07-11 18:18:53,560 - dao.base_dao - INFO - Consulta ejecutada exitosamente: 1 registros
2025-07-11 18:19:02,665 - config.database - INFO - Conexión exitosa a MySQL
2025-07-11 18:19:02,669 - dao.base_dao - INFO - Consulta ejecutada exitosamente: 1 registros
2025-07-11 18:19:02,674 - config.database - INFO - Conexión exitosa a MySQL
2025-07-11 18:19:02,679 - dao.base_dao - INFO - Consulta ejecutada exitosamente: 1 registros
2025-07-11 18:19:02,685 - config.database - INFO - Conexión exitosa a MySQL
2025-07-11 18:19:03,099 - dao.base_dao - INFO - Operación ejecutada exitosamente: 1 filas afectadas
2025-07-11 18:19:03,108 - config.database - INFO - Conexión exitosa a MySQL
2025-07-11 18:19:03,148 - dao.base_dao - INFO - Consulta ejecutada exitosamente: 1 registros
2025-07-11 18:19:03,285 - config.database - INFO - Conexión exitosa a MySQL
2025-07-11 18:19:03,361 - dao.base_dao - INFO - Consulta ejecutada exitosamente: 1 registros
2025-07-11 18:19:03,456 - config.database - INFO - Conexión exitosa a MySQL
2025-07-11 18:19:03,469 - dao.base_dao - INFO - Consulta ejecutada exitosamente: 1 registros
2025-07-11 18:19:03,479 - config.database - INFO - Conexión exitosa a MySQL
2025-07-11 18:19:03,492 - dao.base_dao - INFO - Consulta ejecutada exitosamente: 1 registros
2025-07-11 18:19:03,545 - config.database - INFO - Conexión exitosa a MySQL
2025-07-11 18:19:03,550 - dao.base_dao - INFO - Consulta ejecutada exitosamente: 2 registros
2025-07-11 18:19:03,556 - config.database - INFO - Conexión exitosa a MySQL
2025-07-11 18:19:04,037 - dao.base_dao - INFO - Consulta ejecutada exitosamente: 1 registros
2025-07-11 18:19:04,069 - config.database - INFO - Conexión exitosa a MySQL
2025-07-11 18:19:04,074 - dao.base_dao - INFO - Consulta ejecutada exitosamente: 1 registros
2025-07-11 18:19:08,006 - config.database - INFO - Conexión exitosa a MySQL
2025-07-11 18:19:08,008 - dao.base_dao - INFO - Consulta ejecutada exitosamente: 1 registros
2025-07-11 18:19:08,013 - config.database - INFO - Conexión exitosa a MySQL
2025-07-11 18:19:08,015 - dao.base_dao - INFO - Consulta ejecutada exitosamente: 1 registros
2025-07-11 18:19:08,020 - config.database - INFO - Conexión exitosa a MySQL
2025-07-11 18:19:08,022 - dao.base_dao - INFO - Consulta ejecutada exitosamente: 1 registros
2025-07-11 18:19:08,027 - config.database - INFO - Conexión exitosa a MySQL
2025-07-11 18:19:08,029 - dao.base_dao - INFO - Consulta ejecutada exitosamente: 1 registros
2025-07-11 18:19:11,991 - config.database - INFO - Conexión exitosa a MySQL
2025-07-11 18:19:11,995 - dao.base_dao - INFO - Consulta ejecutada exitosamente: 1 registros
2025-07-11 18:19:12,000 - config.database - INFO - Conexión exitosa a MySQL
2025-07-11 18:19:12,002 - dao.base_dao - INFO - Consulta ejecutada exitosamente: 1 registros
2025-07-11 18:19:12,007 - config.database - INFO - Conexión exitosa a MySQL
2025-07-11 18:19:12,010 - dao.base_dao - INFO - Consulta ejecutada exitosamente: 1 registros
2025-07-11 18:19:12,015 - config.database - INFO - Conexión exitosa a MySQL
2025-07-11 18:19:12,017 - dao.base_dao - INFO - Consulta ejecutada exitosamente: 1 registros
2025-07-11 18:19:13,751 - config.database - INFO - Conexión exitosa a MySQL
2025-07-11 18:19:13,756 - dao.base_dao - INFO - Consulta ejecutada exitosamente: 2 registros
2025-07-11 18:19:15,780 - gui.main_window - ERROR - Error cargando matrículas: 'CANCELADAS' is not a valid EstadoMatricula
2025-07-11 18:19:22,855 - config.database - INFO - Conexión exitosa a MySQL
2025-07-11 18:19:22,858 - dao.base_dao - INFO - Consulta ejecutada exitosamente: 1 registros
2025-07-11 18:19:22,863 - config.database - INFO - Conexión exitosa a MySQL
2025-07-11 18:19:22,865 - dao.base_dao - INFO - Consulta ejecutada exitosamente: 1 registros
2025-07-11 18:19:22,870 - config.database - INFO - Conexión exitosa a MySQL
2025-07-11 18:19:22,873 - dao.base_dao - INFO - Consulta ejecutada exitosamente: 1 registros
2025-07-11 18:19:22,877 - config.database - INFO - Conexión exitosa a MySQL
2025-07-11 18:19:22,880 - dao.base_dao - INFO - Consulta ejecutada exitosamente: 1 registros
2025-07-11 18:19:25,831 - config.database - INFO - Conexión exitosa a MySQL
2025-07-11 18:19:25,833 - dao.base_dao - INFO - Consulta ejecutada exitosamente: 2 registros
2025-07-11 18:19:28,395 - gui.main_window - ERROR - Error cargando matrículas: 'COMPLETADAS' is not a valid EstadoMatricula
2025-07-11 18:19:30,296 - config.database - INFO - Conexión exitosa a MySQL
2025-07-11 18:19:30,298 - dao.base_dao - INFO - Consulta ejecutada exitosamente: 1 registros
2025-07-11 18:19:30,303 - config.database - INFO - Conexión exitosa a MySQL
2025-07-11 18:19:30,305 - dao.base_dao - INFO - Consulta ejecutada exitosamente: 1 registros
2025-07-11 18:19:30,311 - config.database - INFO - Conexión exitosa a MySQL
2025-07-11 18:19:30,314 - dao.base_dao - INFO - Consulta ejecutada exitosamente: 1 registros
2025-07-11 18:19:30,318 - config.database - INFO - Conexión exitosa a MySQL
2025-07-11 18:19:30,321 - dao.base_dao - INFO - Consulta ejecutada exitosamente: 1 registros
2025-07-11 18:20:43,582 - config.database - INFO - Conexión exitosa a MySQL
2025-07-11 18:20:43,585 - dao.base_dao - INFO - Consulta ejecutada exitosamente: 2 registros
2025-07-11 18:20:43,590 - config.database - INFO - Conexión exitosa a MySQL
2025-07-11 18:20:43,592 - dao.base_dao - INFO - Consulta ejecutada exitosamente: 1 registros
2025-07-11 18:21:22,120 - __main__ - INFO - Sistema de Matrículas finalizado correctamente
2025-07-11 18:24:40,489 - __main__ - INFO - Iniciando Sistema de Matrículas Universitarias
2025-07-11 18:24:56,140 - config.database - INFO - Base de datos y tablas creadas exitosamente
2025-07-11 18:24:56,641 - config.database - INFO - Base de datos y tablas creadas exitosamente
2025-07-11 18:24:56,754 - config.database - INFO - Conexión exitosa a MySQL
2025-07-11 18:24:56,932 - dao.base_dao - INFO - Consulta ejecutada exitosamente: 2 registros
2025-07-11 18:24:57,010 - config.database - INFO - Conexión exitosa a MySQL
2025-07-11 18:24:57,014 - dao.base_dao - INFO - Consulta ejecutada exitosamente: 2 registros
2025-07-11 18:24:57,019 - config.database - INFO - Conexión exitosa a MySQL
2025-07-11 18:24:57,027 - dao.base_dao - INFO - Consulta ejecutada exitosamente: 1 registros
2025-07-11 18:24:57,037 - config.database - INFO - Conexión exitosa a MySQL
2025-07-11 18:24:57,043 - dao.base_dao - INFO - Consulta ejecutada exitosamente: 1 registros
2025-07-11 18:24:57,738 - config.database - INFO - Conexión exitosa a MySQL
2025-07-11 18:24:57,741 - dao.base_dao - INFO - Consulta ejecutada exitosamente: 1 registros
2025-07-11 18:24:57,758 - config.database - INFO - Conexión exitosa a MySQL
2025-07-11 18:24:57,763 - dao.base_dao - INFO - Consulta ejecutada exitosamente: 1 registros
2025-07-11 18:24:57,767 - config.database - INFO - Conexión exitosa a MySQL
2025-07-11 18:24:57,774 - dao.base_dao - INFO - Consulta ejecutada exitosamente: 1 registros
2025-07-11 18:24:57,782 - config.database - INFO - Conexión exitosa a MySQL
2025-07-11 18:24:57,784 - dao.base_dao - INFO - Consulta ejecutada exitosamente: 1 registros
2025-07-11 18:25:02,213 - config.database - INFO - Conexión exitosa a MySQL
2025-07-11 18:25:02,216 - dao.base_dao - INFO - Consulta ejecutada exitosamente: 1 registros
2025-07-11 18:25:02,221 - config.database - INFO - Conexión exitosa a MySQL
2025-07-11 18:25:02,223 - dao.base_dao - INFO - Consulta ejecutada exitosamente: 1 registros
2025-07-11 18:25:02,229 - config.database - INFO - Conexión exitosa a MySQL
2025-07-11 18:25:02,232 - dao.base_dao - INFO - Consulta ejecutada exitosamente: 1 registros
2025-07-11 18:25:02,236 - config.database - INFO - Conexión exitosa a MySQL
2025-07-11 18:25:02,239 - dao.base_dao - INFO - Consulta ejecutada exitosamente: 1 registros
2025-07-11 18:25:04,176 - config.database - INFO - Conexión exitosa a MySQL
2025-07-11 18:25:04,178 - dao.base_dao - INFO - Consulta ejecutada exitosamente: 2 registros
2025-07-11 18:25:05,468 - gui.main_window - ERROR - Error cargando matrículas: 'CANCELADAS' is not a valid EstadoMatricula
2025-07-11 18:25:07,663 - config.database - INFO - Conexión exitosa a MySQL
2025-07-11 18:25:07,667 - dao.base_dao - INFO - Consulta ejecutada exitosamente: 2 registros
2025-07-11 18:25:07,672 - config.database - INFO - Conexión exitosa a MySQL
2025-07-11 18:25:07,674 - dao.base_dao - INFO - Consulta ejecutada exitosamente: 1 registros
2025-07-11 18:25:07,679 - config.database - INFO - Conexión exitosa a MySQL
2025-07-11 18:25:07,682 - dao.base_dao - INFO - Consulta ejecutada exitosamente: 1 registros
2025-07-11 18:25:07,686 - config.database - INFO - Conexión exitosa a MySQL
2025-07-11 18:25:07,688 - dao.base_dao - INFO - Consulta ejecutada exitosamente: 1 registros
2025-07-11 18:25:07,694 - config.database - INFO - Conexión exitosa a MySQL
2025-07-11 18:25:07,696 - dao.base_dao - INFO - Consulta ejecutada exitosamente: 1 registros
2025-07-11 18:25:07,703 - config.database - INFO - Conexión exitosa a MySQL
2025-07-11 18:25:07,705 - dao.base_dao - INFO - Consulta ejecutada exitosamente: 1 registros
2025-07-11 18:25:07,710 - config.database - INFO - Conexión exitosa a MySQL
2025-07-11 18:25:07,712 - dao.base_dao - INFO - Consulta ejecutada exitosamente: 1 registros
2025-07-11 18:25:32,898 - config.database - INFO - Conexión exitosa a MySQL
2025-07-11 18:25:32,903 - dao.base_dao - INFO - Consulta ejecutada exitosamente: 1 registros
2025-07-11 18:25:32,910 - config.database - INFO - Conexión exitosa a MySQL
2025-07-11 18:25:33,056 - dao.base_dao - INFO - Registro insertado con ID: 4
2025-07-11 18:25:33,097 - config.database - INFO - Conexión exitosa a MySQL
2025-07-11 18:25:34,194 - dao.base_dao - INFO - Consulta ejecutada exitosamente: 3 registros
2025-07-11 18:25:48,124 - config.database - INFO - Conexión exitosa a MySQL
2025-07-11 18:25:48,127 - dao.base_dao - INFO - Consulta ejecutada exitosamente: 1 registros
2025-07-11 18:25:48,132 - config.database - INFO - Conexión exitosa a MySQL
2025-07-11 18:25:48,281 - dao.base_dao - INFO - Registro insertado con ID: 3
2025-07-11 18:25:48,394 - config.database - INFO - Conexión exitosa a MySQL
2025-07-11 18:25:48,407 - dao.base_dao - INFO - Consulta ejecutada exitosamente: 3 registros
2025-07-11 18:25:48,504 - config.database - INFO - Conexión exitosa a MySQL
2025-07-11 18:25:48,518 - dao.base_dao - INFO - Consulta ejecutada exitosamente: 1 registros
2025-07-11 18:25:48,526 - config.database - INFO - Conexión exitosa a MySQL
2025-07-11 18:25:48,546 - dao.base_dao - INFO - Consulta ejecutada exitosamente: 1 registros
2025-07-11 18:25:48,554 - config.database - INFO - Conexión exitosa a MySQL
2025-07-11 18:25:48,557 - dao.base_dao - INFO - Consulta ejecutada exitosamente: 1 registros
2025-07-11 18:25:52,848 - config.database - INFO - Conexión exitosa a MySQL
2025-07-11 18:25:52,850 - dao.base_dao - INFO - Consulta ejecutada exitosamente: 3 registros
2025-07-11 18:25:52,855 - config.database - INFO - Conexión exitosa a MySQL
2025-07-11 18:25:52,858 - dao.base_dao - INFO - Consulta ejecutada exitosamente: 3 registros
2025-07-11 18:25:52,863 - config.database - INFO - Conexión exitosa a MySQL
2025-07-11 18:25:52,866 - dao.base_dao - INFO - Consulta ejecutada exitosamente: 1 registros
2025-07-11 18:25:52,872 - config.database - INFO - Conexión exitosa a MySQL
2025-07-11 18:25:52,874 - dao.base_dao - INFO - Consulta ejecutada exitosamente: 1 registros
2025-07-11 18:25:52,887 - config.database - INFO - Conexión exitosa a MySQL
2025-07-11 18:25:52,891 - dao.base_dao - INFO - Consulta ejecutada exitosamente: 1 registros
2025-07-11 18:25:56,335 - config.database - INFO - Conexión exitosa a MySQL
2025-07-11 18:25:56,337 - dao.base_dao - INFO - Consulta ejecutada exitosamente: 1 registros
2025-07-11 18:25:58,143 - config.database - INFO - Conexión exitosa a MySQL
2025-07-11 18:25:58,145 - dao.base_dao - INFO - Consulta ejecutada exitosamente: 1 registros
2025-07-11 18:25:58,150 - config.database - INFO - Conexión exitosa a MySQL
2025-07-11 18:25:58,153 - dao.base_dao - INFO - Consulta ejecutada exitosamente: 1 registros
2025-07-11 18:25:58,158 - config.database - INFO - Conexión exitosa a MySQL
2025-07-11 18:25:58,161 - dao.base_dao - INFO - Consulta ejecutada exitosamente: 1 registros
2025-07-11 18:26:05,742 - config.database - INFO - Conexión exitosa a MySQL
2025-07-11 18:26:05,744 - dao.base_dao - INFO - Consulta ejecutada exitosamente: 1 registros
2025-07-11 18:26:05,749 - config.database - INFO - Conexión exitosa a MySQL
2025-07-11 18:26:05,751 - dao.base_dao - INFO - Consulta ejecutada exitosamente: 1 registros
2025-07-11 18:26:05,756 - config.database - INFO - Conexión exitosa a MySQL
2025-07-11 18:26:05,759 - dao.base_dao - INFO - Consulta ejecutada exitosamente: 1 registros
2025-07-11 18:26:06,856 - config.database - INFO - Conexión exitosa a MySQL
2025-07-11 18:26:06,863 - dao.base_dao - INFO - Consulta ejecutada exitosamente: 1 registros
2025-07-11 18:26:06,871 - config.database - INFO - Conexión exitosa a MySQL
2025-07-11 18:26:06,877 - dao.base_dao - INFO - Consulta ejecutada exitosamente: 1 registros
2025-07-11 18:26:06,883 - config.database - INFO - Conexión exitosa a MySQL
2025-07-11 18:26:06,889 - dao.base_dao - INFO - Consulta ejecutada exitosamente: 1 registros
2025-07-11 18:26:06,898 - config.database - INFO - Conexión exitosa a MySQL
2025-07-11 18:26:06,904 - dao.base_dao - INFO - Consulta ejecutada exitosamente: 1 registros
2025-07-11 18:26:06,947 - config.database - INFO - Conexión exitosa a MySQL
2025-07-11 18:26:06,966 - dao.base_dao - INFO - Consulta ejecutada exitosamente: 1 registros
2025-07-11 18:26:06,981 - config.database - INFO - Conexión exitosa a MySQL
2025-07-11 18:26:06,992 - dao.base_dao - INFO - Consulta ejecutada exitosamente: 1 registros
2025-07-11 18:26:07,011 - config.database - INFO - Conexión exitosa a MySQL
2025-07-11 18:26:07,020 - dao.base_dao - INFO - Consulta ejecutada exitosamente: 1 registros
2025-07-11 18:26:07,047 - config.database - INFO - Conexión exitosa a MySQL
2025-07-11 18:26:07,297 - dao.base_dao - INFO - Registro insertado con ID: 3
2025-07-11 18:26:07,317 - services.matricula_service - INFO - Matrícula creada exitosamente: ID 3
2025-07-11 18:26:07,324 - config.database - INFO - Conexión exitosa a MySQL
2025-07-11 18:26:07,431 - dao.base_dao - INFO - Consulta ejecutada exitosamente: 3 registros
2025-07-11 18:26:07,600 - config.database - INFO - Conexión exitosa a MySQL
2025-07-11 18:26:07,678 - dao.base_dao - INFO - Consulta ejecutada exitosamente: 1 registros
2025-07-11 18:26:07,692 - config.database - INFO - Conexión exitosa a MySQL
2025-07-11 18:26:07,695 - dao.base_dao - INFO - Consulta ejecutada exitosamente: 1 registros
2025-07-11 18:26:07,708 - config.database - INFO - Conexión exitosa a MySQL
2025-07-11 18:26:07,716 - dao.base_dao - INFO - Consulta ejecutada exitosamente: 1 registros
2025-07-11 18:26:07,720 - config.database - INFO - Conexión exitosa a MySQL
2025-07-11 18:26:07,727 - dao.base_dao - INFO - Consulta ejecutada exitosamente: 1 registros
2025-07-11 18:26:07,769 - config.database - INFO - Conexión exitosa a MySQL
2025-07-11 18:26:07,821 - dao.base_dao - INFO - Consulta ejecutada exitosamente: 1 registros
2025-07-11 18:26:08,001 - config.database - INFO - Conexión exitosa a MySQL
2025-07-11 18:26:08,011 - dao.base_dao - INFO - Consulta ejecutada exitosamente: 1 registros
2025-07-11 18:26:08,017 - config.database - INFO - Conexión exitosa a MySQL
2025-07-11 18:26:08,020 - dao.base_dao - INFO - Consulta ejecutada exitosamente: 1 registros
2025-07-11 18:26:08,032 - config.database - INFO - Conexión exitosa a MySQL
2025-07-11 18:26:08,047 - dao.base_dao - INFO - Consulta ejecutada exitosamente: 1 registros
2025-07-11 18:26:08,053 - config.database - INFO - Conexión exitosa a MySQL
2025-07-11 18:26:08,094 - dao.base_dao - INFO - Consulta ejecutada exitosamente: 1 registros
2025-07-11 18:26:08,183 - config.database - INFO - Conexión exitosa a MySQL
2025-07-11 18:26:08,253 - dao.base_dao - INFO - Consulta ejecutada exitosamente: 3 registros
2025-07-11 18:26:08,296 - config.database - INFO - Conexión exitosa a MySQL
2025-07-11 18:26:08,321 - dao.base_dao - INFO - Consulta ejecutada exitosamente: 1 registros
2025-07-11 18:26:08,330 - config.database - INFO - Conexión exitosa a MySQL
2025-07-11 18:26:08,337 - dao.base_dao - INFO - Consulta ejecutada exitosamente: 1 registros
2025-07-11 18:26:08,342 - config.database - INFO - Conexión exitosa a MySQL
2025-07-11 18:26:08,344 - dao.base_dao - INFO - Consulta ejecutada exitosamente: 1 registros
2025-07-11 18:26:13,062 - config.database - INFO - Conexión exitosa a MySQL
2025-07-11 18:26:13,065 - dao.base_dao - INFO - Consulta ejecutada exitosamente: 3 registros
2025-07-11 18:26:13,069 - config.database - INFO - Conexión exitosa a MySQL
2025-07-11 18:26:13,072 - dao.base_dao - INFO - Consulta ejecutada exitosamente: 1 registros
2025-07-11 18:26:13,077 - config.database - INFO - Conexión exitosa a MySQL
2025-07-11 18:26:13,079 - dao.base_dao - INFO - Consulta ejecutada exitosamente: 1 registros
2025-07-11 18:26:20,069 - config.database - INFO - Conexión exitosa a MySQL
2025-07-11 18:26:20,072 - dao.base_dao - INFO - Consulta ejecutada exitosamente: 1 registros
2025-07-11 18:26:20,076 - config.database - INFO - Conexión exitosa a MySQL
2025-07-11 18:26:20,079 - dao.base_dao - INFO - Consulta ejecutada exitosamente: 1 registros
2025-07-11 18:26:20,083 - config.database - INFO - Conexión exitosa a MySQL
2025-07-11 18:26:20,085 - dao.base_dao - INFO - Consulta ejecutada exitosamente: 1 registros
2025-07-11 18:26:20,090 - config.database - INFO - Conexión exitosa a MySQL
2025-07-11 18:26:20,092 - dao.base_dao - INFO - Consulta ejecutada exitosamente: 1 registros
2025-07-11 18:26:20,097 - config.database - INFO - Conexión exitosa a MySQL
2025-07-11 18:26:20,100 - dao.base_dao - INFO - Consulta ejecutada exitosamente: 1 registros
2025-07-11 18:26:20,105 - config.database - INFO - Conexión exitosa a MySQL
2025-07-11 18:26:20,107 - dao.base_dao - INFO - Consulta ejecutada exitosamente: 1 registros
2025-07-11 18:26:26,940 - __main__ - INFO - Sistema de Matrículas finalizado correctamente
2025-07-17 10:10:41,938 - __main__ - INFO - Iniciando Sistema de Matrículas Universitarias con Autenticación
2025-07-17 10:11:25,105 - root - INFO - Programa interrumpido por el usuario
2025-07-17 10:11:25,284 - __main__ - INFO - Iniciando Sistema de Matrículas Universitarias con Autenticación
2025-07-17 10:11:32,669 - config.database - ERROR - Error al crear base de datos: 2003 (HY000): Can't connect to MySQL server on 'localhost:3306' (10061)
2025-07-17 10:11:32,669 - __main__ - INFO - Sistema de Matrículas finalizado correctamente
2025-07-17 10:12:06,460 - __main__ - INFO - Iniciando Sistema de Matrículas Universitarias con Autenticación
2025-07-17 10:12:17,472 - config.database - INFO - Base de datos y tablas creadas exitosamente
2025-07-17 10:12:17,472 - __main__ - INFO - Sistema de Matrículas finalizado correctamente
2025-07-17 10:17:35,141 - __main__ - INFO - Iniciando Sistema de Matrículas Universitarias con Autenticación
2025-07-17 10:17:47,661 - config.database - INFO - Base de datos y tablas creadas exitosamente
2025-07-17 10:17:47,662 - __main__ - INFO - Sistema de Matrículas finalizado correctamente
2025-07-17 10:18:49,362 - __main__ - INFO - Iniciando Sistema de Matrículas Universitarias con Autenticación
2025-07-17 10:19:15,412 - mysql.connector - INFO - package: mysql.connector.plugins
2025-07-17 10:19:15,412 - mysql.connector - INFO - plugin_name: caching_sha2_password
2025-07-17 10:19:15,412 - mysql.connector - INFO - AUTHENTICATION_PLUGIN_CLASS: MySQLCachingSHA2PasswordAuthPlugin
2025-07-17 10:19:15,429 - config.database - INFO - Base de datos y tablas creadas exitosamente
2025-07-17 10:19:15,430 - console_app_with_auth - ERROR - Error creando tabla usuarios: 'DatabaseConfig' object has no attribute '_get_connection'
2025-07-17 10:19:15,458 - config.database - INFO - Conexión exitosa a MySQL
2025-07-17 10:19:15,459 - dao.base_dao - INFO - Consulta ejecutada exitosamente: 1 registros
2025-07-17 10:19:15,488 - config.database - INFO - Conexión exitosa a MySQL
2025-07-17 10:19:15,489 - dao.base_dao - INFO - Consulta ejecutada exitosamente: 1 registros
2025-07-17 10:19:15,516 - config.database - INFO - Conexión exitosa a MySQL
2025-07-17 10:19:15,521 - dao.base_dao - INFO - Registro insertado con ID: 1
2025-07-17 10:20:52,313 - __main__ - INFO - Iniciando Sistema de Matrículas Universitarias con Autenticación
2025-07-17 10:20:55,978 - mysql.connector - INFO - package: mysql.connector.plugins
2025-07-17 10:20:55,978 - mysql.connector - INFO - plugin_name: caching_sha2_password
2025-07-17 10:20:55,978 - mysql.connector - INFO - AUTHENTICATION_PLUGIN_CLASS: MySQLCachingSHA2PasswordAuthPlugin
2025-07-17 10:20:55,986 - config.database - INFO - Base de datos y tablas creadas exitosamente
2025-07-17 10:20:55,986 - __main__ - INFO - Sistema de Matrículas finalizado correctamente
2025-07-17 10:32:21,619 - __main__ - INFO - Iniciando Sistema de Matrículas Universitarias con Autenticación
2025-07-17 10:33:06,801 - __main__ - INFO - Iniciando Sistema de Matrículas Universitarias con Autenticación
2025-07-17 10:33:15,738 - config.database - INFO - Base de datos y tablas creadas exitosamente
2025-07-17 10:33:16,174 - config.database - INFO - Conexión exitosa a MySQL
2025-07-17 10:34:11,476 - config.database - INFO - Conexión exitosa a MySQL
2025-07-17 10:39:19,920 - __main__ - INFO - Sistema de Matrículas finalizado correctamente
2025-07-17 10:39:23,514 - __main__ - INFO - Iniciando Sistema de Matrículas Universitarias con Autenticación
2025-07-17 10:39:26,785 - mysql.connector - INFO - package: mysql.connector.plugins
2025-07-17 10:39:26,785 - mysql.connector - INFO - plugin_name: caching_sha2_password
2025-07-17 10:39:26,785 - mysql.connector - INFO - AUTHENTICATION_PLUGIN_CLASS: MySQLCachingSHA2PasswordAuthPlugin
2025-07-17 10:39:26,792 - config.database - INFO - Base de datos y tablas creadas exitosamente
2025-07-17 10:39:26,861 - __main__ - INFO - Sistema de Matrículas finalizado correctamente
2025-07-17 10:40:32,423 - __main__ - INFO - Iniciando Sistema de Matrículas Universitarias con Autenticación
2025-07-17 10:40:36,246 - mysql.connector - INFO - package: mysql.connector.plugins
2025-07-17 10:40:36,247 - mysql.connector - INFO - plugin_name: caching_sha2_password
2025-07-17 10:40:36,247 - mysql.connector - INFO - AUTHENTICATION_PLUGIN_CLASS: MySQLCachingSHA2PasswordAuthPlugin
2025-07-17 10:40:36,295 - config.database - INFO - Base de datos y tablas creadas exitosamente
2025-07-17 10:40:36,372 - __main__ - INFO - Sistema de Matrículas finalizado correctamente
2025-07-17 10:42:28,700 - __main__ - INFO - Iniciando Sistema de Matrículas Universitarias con Autenticación
2025-07-17 10:42:41,371 - config.database - INFO - Base de datos y tablas creadas exitosamente
2025-07-17 10:42:41,664 - config.database - INFO - Conexión exitosa a MySQL
2025-07-17 10:42:58,861 - config.database - INFO - Conexión exitosa a MySQL
2025-07-17 10:43:42,207 - __main__ - INFO - Sistema de Matrículas finalizado correctamente
2025-07-17 10:43:48,103 - __main__ - INFO - Iniciando Sistema de Matrículas Universitarias con Autenticación
2025-07-17 10:43:55,300 - mysql.connector - INFO - package: mysql.connector.plugins
2025-07-17 10:43:55,300 - mysql.connector - INFO - plugin_name: caching_sha2_password
2025-07-17 10:43:55,301 - mysql.connector - INFO - AUTHENTICATION_PLUGIN_CLASS: MySQLCachingSHA2PasswordAuthPlugin
2025-07-17 10:43:55,312 - config.database - INFO - Base de datos y tablas creadas exitosamente
2025-07-17 10:43:55,701 - config.database - INFO - Conexión exitosa a MySQL
2025-07-17 10:44:05,025 - config.database - INFO - Conexión exitosa a MySQL
2025-07-17 10:46:46,663 - __main__ - INFO - Sistema de Matrículas finalizado correctamente
2025-07-17 10:46:53,901 - __main__ - INFO - Iniciando Sistema de Matrículas Universitarias con Autenticación
2025-07-17 10:46:56,800 - mysql.connector - INFO - package: mysql.connector.plugins
2025-07-17 10:46:56,801 - mysql.connector - INFO - plugin_name: caching_sha2_password
2025-07-17 10:46:56,801 - mysql.connector - INFO - AUTHENTICATION_PLUGIN_CLASS: MySQLCachingSHA2PasswordAuthPlugin
2025-07-17 10:46:56,819 - config.database - INFO - Base de datos y tablas creadas exitosamente
2025-07-17 10:46:57,220 - config.database - INFO - Conexión exitosa a MySQL
2025-07-17 10:47:11,670 - config.database - INFO - Conexión exitosa a MySQL
2025-07-17 10:51:08,520 - __main__ - INFO - Sistema de Matrículas finalizado correctamente
2025-07-17 10:51:12,570 - __main__ - INFO - Iniciando Sistema de Matrículas Universitarias con Autenticación
2025-07-17 10:51:14,933 - mysql.connector - INFO - package: mysql.connector.plugins
2025-07-17 10:51:14,934 - mysql.connector - INFO - plugin_name: caching_sha2_password
2025-07-17 10:51:14,934 - mysql.connector - INFO - AUTHENTICATION_PLUGIN_CLASS: MySQLCachingSHA2PasswordAuthPlugin
2025-07-17 10:51:14,947 - config.database - INFO - Base de datos y tablas creadas exitosamente
2025-07-17 10:51:15,243 - config.database - INFO - Conexión exitosa a MySQL
2025-07-17 10:51:32,102 - config.database - INFO - Conexión exitosa a MySQL
2025-07-17 10:52:21,744 - config.database - INFO - Conexión exitosa a MySQL
2025-07-17 10:59:41,373 - __main__ - INFO - Sistema de Matrículas finalizado correctamente
2025-07-17 17:08:46,262 - __main__ - INFO - Iniciando Sistema de Matrículas Universitarias con Autenticación
2025-07-17 17:09:32,574 - config.database - ERROR - Error al crear base de datos: 2003 (HY000): Can't connect to MySQL server on 'localhost:3307' (10061)
2025-07-17 17:09:32,577 - __main__ - INFO - Sistema de Matrículas finalizado correctamente
2025-07-17 17:11:33,947 - __main__ - INFO - Iniciando Sistema de Matrículas Universitarias con Autenticación
2025-07-17 17:11:41,117 - config.database - INFO - Base de datos y tablas creadas exitosamente
2025-07-17 17:11:46,050 - config.database - INFO - Conexión exitosa a MySQL
2025-07-17 17:12:15,859 - config.database - INFO - Conexión exitosa a MySQL
2025-07-17 17:18:00,174 - __main__ - INFO - Sistema de Matrículas finalizado correctamente
